<?xml version="1.0" encoding="UTF-8"?>
<testsuite name="org.generated.project.interfaces.rest.HelloResourceIT" time="8.276" tests="1" errors="0" skipped="0" failures="1">
  <properties>
[...]
</properties>
  <testcase name="testHelloWorld" classname="org.generated.project.interfaces.rest.HelloResourceIT" time="8.276">
    <failure message="expected:&lt;&quot;Hello [World]!&quot;&gt; but was:&lt;&quot;Hello [seedstack]!&quot;&gt;" type="org.junit.ComparisonFailure"><![CDATA[org.junit.ComparisonFailure: expected:<"Hello [World]!"> but was:<"Hello [seedstack]!">
	at sun.reflect.NativeConstructorAccessorImpl.newInstance0(Native Method)
	at sun.reflect.NativeConstructorAccessorImpl.newInstance(NativeConstructorAccessorImpl.java:62)
	at sun.reflect.DelegatingConstructorAccessorImpl.newInstance(DelegatingConstructorAccessorImpl.java:45)
	at org.generated.project.interfaces.rest.HelloResourceIT.testHelloWorld(HelloResourceIT.java:26)
]]></failure>
    <system-out><![CDATA[20:03:43.688 [test] INFO org.hibernate.validator.internal.util.Version - HV000001: Hibernate Validator 6.1.6.Final
20:03:43.912 [test] INFO org.seedstack.seed.core.internal.init.BaseConfigurationFactory - Detected configuration resource: file:/C:/Seedstack%20Workspace/my-web-project/target/classes/application.yaml
20:03:43.917 [test] INFO org.seedstack.seed.core.internal.init.BaseConfigurationFactory - Detected configuration resource: file:/C:/Seedstack%20Workspace/my-web-project/target/test-classes/application.override.yaml
20:03:44.512 [test] INFO org.seedstack.seed.core.internal.init.ConsoleManager - ANSI not supported: stripping stdout and stderr of ANSI codes

 ____                _ ____  _             _    
/ ___|  ___  ___  __| / ___|| |_ __ _  ___| | __
\___ \ / _ \/ _ \/ _  \___ \| __/ _  |/ __| |/ /
 ___) |  __/  __/ (_| |___) | || (_| | (__|   < 
|____/ \___|\___|\____|____/ \__\____|\___|_|\_\
Core v3.12.1          Business v4.4.0

20:03:44.535 [test] WARN org.hibernate.validator.internal.properties.javabean.JavaBeanExecutable - HV000254: Missing parameter metadata for Level(String, int), which declares implicit or synthetic parameters. Automatic resolution of generic type information for method parameters may yield incorrect results if multiple parameters have the same erasure. To solve this, compile your code with the '-parameters' flag.
INFO  2021-06-22 20:03:44,583 test            o.s.seed.core.internal.init.ProxyManager No proxy configured
INFO  2021-06-22 20:03:44,612 test            org.xnio                                 XNIO version 3.8.0.Final
INFO  2021-06-22 20:03:44,630 test            org.xnio.nio                             XNIO NIO Implementation Version 3.8.0.Final
INFO  2021-06-22 20:03:44,704 test            org.jboss.threads                        JBoss Threads version 3.1.0.Final
INFO  2021-06-22 20:03:44,736 test            o.s.s.u.i.DeploymentManagerFactory       WebSocket support is enabled
INFO  2021-06-22 20:03:44,913 test            o.s.s.c.i.c.ConfigurationPlugin          Application base package(s) to be scanned: org.generated.project
INFO  2021-06-22 20:03:45,724 test            o.s.s.c.i.c.ConfigurationPlugin          No configuration profile is active
INFO  2021-06-22 20:03:45,725 test            o.s.s.c.i.c.ConfigurationPlugin          Detected 1 configuration value(s) through kernel parameters, enable debug-level logging to see them
INFO  2021-06-22 20:03:45,760 test            o.s.s.c.i.configuration.ApplicationImpl  Application local storage at C:\Users\a775948\AppData\Local\Temp\seedstack-it-7131564724268674971
INFO  2021-06-22 20:03:45,822 test            com.zaxxer.hikari.HikariDataSource       HikariPool-1 - Starting...
INFO  2021-06-22 20:03:46,358 test            com.zaxxer.hikari.HikariDataSource       HikariPool-1 - Start completed.
INFO  2021-06-22 20:03:46,402 test            o.hibernate.jpa.internal.util.LogHelper  HHH000204: Processing PersistenceUnitInfo [name: myUnit]
INFO  2021-06-22 20:03:46,480 test            org.hibernate.Version                    HHH000412: Hibernate ORM core version 5.5.2.Final
INFO  2021-06-22 20:03:46,700 test            org.hibernate.annotations.common.Version HCANN000001: Hibernate Commons Annotations {5.1.2.Final}
INFO  2021-06-22 20:03:46,891 test            org.hibernate.dialect.Dialect            HHH000400: Using dialect: org.hibernate.dialect.PostgreSQLDialect
INFO  2021-06-22 20:03:47,676 test            o.h.e.t.j.p.i.JtaPlatformInitiator       HHH000490: Using JtaPlatform implementation: [org.hibernate.engine.transaction.jta.platform.internal.NoJtaPlatform]
INFO  2021-06-22 20:03:47,688 test            org.seedstack.jpa.internal.JpaPlugin     Created JPA unit myUnit from 2 class(es)
INFO  2021-06-22 20:03:47,689 test            org.seedstack.jpa.internal.JpaPlugin     Created 1 JPA unit(s)
INFO  2021-06-22 20:03:47,739 test            o.s.s.r.jersey2.internal.Jersey2Plugin   4 JAX-RS resource(s) detected (set logger to DEBUG to see them)
INFO  2021-06-22 20:03:47,740 test            o.s.s.r.jersey2.internal.Jersey2Plugin   13 JAX-RS provider(s) detected (set logger to DEBUG to see them)
INFO  2021-06-22 20:03:47,778 test            o.s.s.r.jersey2.internal.Jersey2Plugin   Jersey 2 serving JAX-RS resources on /*
INFO  2021-06-22 20:03:47,788 test            o.s.seed.core.internal.crypto.SSLBuilder No truststore configured, platform default will be used for SSL
INFO  2021-06-22 20:03:47,877 test            o.s.s.w.i.resources.WebResourcesPlugin   Static Web resources served on /*
INFO  2021-06-22 20:03:47,878 test            o.s.seed.web.internal.cors.WebCORSPlugin CORS support enabled on /*
INFO  2021-06-22 20:03:47,910 test            o.s.s.s.internal.SecurityConfigurer      Configured security realms: [ConfigurationRealm]
INFO  2021-06-22 20:03:47,917 test            o.s.seed.core.internal.el.ELPlugin       Java EL is not present in the classpath, EL support disabled
INFO  2021-06-22 20:03:47,926 test            o.s.s.c.i.validation.ValidationPlugin    Bean validation is enabled at level 2.0
INFO  2021-06-22 20:03:48,854 test            o.s.s.c.i.lifecycle.LifecyclePlugin      Invoking lifecycle method: org.generated.project.infrastructure.SampleDataGenerator$$EnhancerByGuice$$47285380.starting()
INFO  2021-06-22 20:03:48,860 test            o.s.s.c.i.lifecycle.LifecyclePlugin      Invoking lifecycle method: org.generated.project.infrastructure.SampleDataGenerator$$EnhancerByGuice$$47285380.started()
Hibernate: select count(employee0_.employeeId) as col_0_0_ from Employee employee0_ where employee0_.employeeId=?
Hibernate: select count(employee0_.employeeId) as col_0_0_ from Employee employee0_ where employee0_.employeeId=?
Hibernate: select employee0_.employeeId as employee1_0_0_, employee0_.doj as doj2_0_0_, employee0_.email as email3_0_0_, employee0_.name as name4_0_0_, employee0_.password as password5_0_0_, employee0_.projectId as projecti6_0_0_, employee0_.projectname as projectn7_0_0_ from Employee employee0_ where employee0_.employeeId=?
Hibernate: update Employee set doj=?, email=?, name=?, password=?, projectId=?, projectname=? where employeeId=?
Hibernate: select count(employee0_.employeeId) as col_0_0_ from Employee employee0_ where employee0_.employeeId=?
Hibernate: select count(employee0_.employeeId) as col_0_0_ from Employee employee0_ where employee0_.employeeId=?
Hibernate: select employee0_.employeeId as employee1_0_0_, employee0_.doj as doj2_0_0_, employee0_.email as email3_0_0_, employee0_.name as name4_0_0_, employee0_.password as password5_0_0_, employee0_.projectId as projecti6_0_0_, employee0_.projectname as projectn7_0_0_ from Employee employee0_ where employee0_.employeeId=?
Hibernate: update Employee set doj=?, email=?, name=?, password=?, projectId=?, projectname=? where employeeId=?
Hibernate: select count(employee0_.employeeId) as col_0_0_ from Employee employee0_ where employee0_.employeeId=?
Hibernate: select count(employee0_.employeeId) as col_0_0_ from Employee employee0_ where employee0_.employeeId=?
Hibernate: select employee0_.employeeId as employee1_0_0_, employee0_.doj as doj2_0_0_, employee0_.email as email3_0_0_, employee0_.name as name4_0_0_, employee0_.password as password5_0_0_, employee0_.projectId as projecti6_0_0_, employee0_.projectname as projectn7_0_0_ from Employee employee0_ where employee0_.employeeId=?
Hibernate: update Employee set doj=?, email=?, name=?, password=?, projectId=?, projectname=? where employeeId=?
Hibernate: select count(employee0_.employeeId) as col_0_0_ from Employee employee0_ where employee0_.employeeId=?
Hibernate: select count(employee0_.employeeId) as col_0_0_ from Employee employee0_ where employee0_.employeeId=?
Hibernate: select employee0_.employeeId as employee1_0_0_, employee0_.doj as doj2_0_0_, employee0_.email as email3_0_0_, employee0_.name as name4_0_0_, employee0_.password as password5_0_0_, employee0_.projectId as projecti6_0_0_, employee0_.projectname as projectn7_0_0_ from Employee employee0_ where employee0_.employeeId=?
Hibernate: update Employee set doj=?, email=?, name=?, password=?, projectId=?, projectname=? where employeeId=?
INFO  2021-06-22 20:03:49,282 test            o.s.s.core.internal.init.KernelManager   my-web-project started in 4.392 second(s)
INFO  2021-06-22 20:03:49,877 test            o.s.seed.undertow.internal.ServerFactory Undertow listening for HTTP on 0.0.0.0:49152
INFO  2021-06-22 20:03:49,879 test            io.undertow                              starting server: Undertow - 2.1.3.Final
INFO  2021-06-22 20:03:49,918 test            o.s.s.undertow.internal.UndertowLauncher Undertow Web server started
]]></system-out>
  </testcase>
</testsuite>